

Started GET "/assets/rails.png" for 127.0.0.1 at 2012-07-30 22:59:45 -0400
Served asset /rails.png - 200 OK (11ms)


Started GET "/assets/rails.png" for 127.0.0.1 at 2012-07-30 23:01:21 -0400
Served asset /rails.png - 304 Not Modified (0ms)


Started GET "/assets/rails.png" for 127.0.0.1 at 2012-07-30 23:20:38 -0400
Connecting to database specified by database.yml

ActiveRecord::ConnectionNotEstablished (ActiveRecord::ConnectionNotEstablished):
  activerecord (3.2.6) lib/active_record/connection_adapters/abstract/connection_pool.rb:404:in `retrieve_connection'
  activerecord (3.2.6) lib/active_record/connection_adapters/abstract/connection_specification.rb:168:in `retrieve_connection'
  activerecord (3.2.6) lib/active_record/connection_adapters/abstract/connection_specification.rb:142:in `connection'
  activerecord (3.2.6) lib/active_record/query_cache.rb:67:in `rescue in call'
  activerecord (3.2.6) lib/active_record/query_cache.rb:61:in `call'
  activerecord (3.2.6) lib/active_record/connection_adapters/abstract/connection_pool.rb:473:in `call'
  actionpack (3.2.6) lib/action_dispatch/middleware/callbacks.rb:28:in `block in call'
  activesupport (3.2.6) lib/active_support/callbacks.rb:405:in `_run__3641886590697870594__call__451730006332939408__callbacks'
  activesupport (3.2.6) lib/active_support/callbacks.rb:405:in `__run_callback'
  activesupport (3.2.6) lib/active_support/callbacks.rb:385:in `_run_call_callbacks'
  activesupport (3.2.6) lib/active_support/callbacks.rb:81:in `run_callbacks'
  actionpack (3.2.6) lib/action_dispatch/middleware/callbacks.rb:27:in `call'
  actionpack (3.2.6) lib/action_dispatch/middleware/reloader.rb:65:in `call'
  actionpack (3.2.6) lib/action_dispatch/middleware/remote_ip.rb:31:in `call'
  actionpack (3.2.6) lib/action_dispatch/middleware/debug_exceptions.rb:16:in `call'
  actionpack (3.2.6) lib/action_dispatch/middleware/show_exceptions.rb:56:in `call'
  railties (3.2.6) lib/rails/rack/logger.rb:26:in `call_app'
  railties (3.2.6) lib/rails/rack/logger.rb:16:in `call'
  actionpack (3.2.6) lib/action_dispatch/middleware/request_id.rb:22:in `call'
  rack (1.4.1) lib/rack/methodoverride.rb:21:in `call'
  rack (1.4.1) lib/rack/runtime.rb:17:in `call'
  activesupport (3.2.6) lib/active_support/cache/strategy/local_cache.rb:72:in `call'
  rack (1.4.1) lib/rack/lock.rb:15:in `call'
  actionpack (3.2.6) lib/action_dispatch/middleware/static.rb:62:in `call'
  railties (3.2.6) lib/rails/engine.rb:479:in `call'
  railties (3.2.6) lib/rails/application.rb:220:in `call'
  rack (1.4.1) lib/rack/content_length.rb:14:in `call'
  railties (3.2.6) lib/rails/rack/log_tailer.rb:17:in `call'
  thin (1.4.1) lib/thin/connection.rb:80:in `block in pre_process'
  thin (1.4.1) lib/thin/connection.rb:78:in `catch'
  thin (1.4.1) lib/thin/connection.rb:78:in `pre_process'
  thin (1.4.1) lib/thin/connection.rb:53:in `process'
  thin (1.4.1) lib/thin/connection.rb:38:in `receive_data'
  eventmachine (0.12.10) lib/eventmachine.rb:256:in `run_machine'
  eventmachine (0.12.10) lib/eventmachine.rb:256:in `run'
  thin (1.4.1) lib/thin/backends/base.rb:63:in `start'
  thin (1.4.1) lib/thin/server.rb:159:in `start'
  rack (1.4.1) lib/rack/handler/thin.rb:13:in `run'
  rack (1.4.1) lib/rack/server.rb:265:in `start'
  railties (3.2.6) lib/rails/commands/server.rb:70:in `start'
  railties (3.2.6) lib/rails/commands.rb:55:in `block in <top (required)>'
  railties (3.2.6) lib/rails/commands.rb:50:in `tap'
  railties (3.2.6) lib/rails/commands.rb:50:in `<top (required)>'
  script/rails:6:in `require'
  script/rails:6:in `<main>'


  Rendered /Users/joe/.rvm/gems/ruby-1.9.3-p194@rails326/gems/actionpack-3.2.6/lib/action_dispatch/middleware/templates/rescues/_trace.erb (3.0ms)
  Rendered /Users/joe/.rvm/gems/ruby-1.9.3-p194@rails326/gems/actionpack-3.2.6/lib/action_dispatch/middleware/templates/rescues/_request_and_response.erb (14.1ms)
  Rendered /Users/joe/.rvm/gems/ruby-1.9.3-p194@rails326/gems/actionpack-3.2.6/lib/action_dispatch/middleware/templates/rescues/diagnostics.erb within rescues/layout (46.0ms)


Started GET "/assets/rails.png" for 127.0.0.1 at 2012-07-31 16:50:49 -0400
Served asset /rails.png - 200 OK (78ms)


Started GET "/" for 127.0.0.1 at 2012-07-31 17:38:29 -0400

ActionController::RoutingError (No route matches [GET] "/"):
  actionpack (3.2.6) lib/action_dispatch/middleware/debug_exceptions.rb:21:in `call'
  actionpack (3.2.6) lib/action_dispatch/middleware/show_exceptions.rb:56:in `call'
  railties (3.2.6) lib/rails/rack/logger.rb:26:in `call_app'
  railties (3.2.6) lib/rails/rack/logger.rb:16:in `call'
  actionpack (3.2.6) lib/action_dispatch/middleware/request_id.rb:22:in `call'
  rack (1.4.1) lib/rack/methodoverride.rb:21:in `call'
  rack (1.4.1) lib/rack/runtime.rb:17:in `call'
  activesupport (3.2.6) lib/active_support/cache/strategy/local_cache.rb:72:in `call'
  rack (1.4.1) lib/rack/lock.rb:15:in `call'
  actionpack (3.2.6) lib/action_dispatch/middleware/static.rb:62:in `call'
  railties (3.2.6) lib/rails/engine.rb:479:in `call'
  railties (3.2.6) lib/rails/application.rb:220:in `call'
  rack (1.4.1) lib/rack/content_length.rb:14:in `call'
  railties (3.2.6) lib/rails/rack/log_tailer.rb:17:in `call'
  thin (1.4.1) lib/thin/connection.rb:80:in `block in pre_process'
  thin (1.4.1) lib/thin/connection.rb:78:in `catch'
  thin (1.4.1) lib/thin/connection.rb:78:in `pre_process'
  thin (1.4.1) lib/thin/connection.rb:53:in `process'
  thin (1.4.1) lib/thin/connection.rb:38:in `receive_data'
  eventmachine (0.12.10) lib/eventmachine.rb:256:in `run_machine'
  eventmachine (0.12.10) lib/eventmachine.rb:256:in `run'
  thin (1.4.1) lib/thin/backends/base.rb:63:in `start'
  thin (1.4.1) lib/thin/server.rb:159:in `start'
  rack (1.4.1) lib/rack/handler/thin.rb:13:in `run'
  rack (1.4.1) lib/rack/server.rb:265:in `start'
  railties (3.2.6) lib/rails/commands/server.rb:70:in `start'
  railties (3.2.6) lib/rails/commands.rb:55:in `block in <top (required)>'
  railties (3.2.6) lib/rails/commands.rb:50:in `tap'
  railties (3.2.6) lib/rails/commands.rb:50:in `<top (required)>'
  script/rails:6:in `require'
  script/rails:6:in `<main>'


  Rendered /Users/joe/.rvm/gems/ruby-1.9.3-p194@rails326/gems/actionpack-3.2.6/lib/action_dispatch/middleware/templates/rescues/routing_error.erb within rescues/layout (1.1ms)


Started GET "/" for 127.0.0.1 at 2012-07-31 17:40:44 -0400

ActionController::RoutingError (No route matches [GET] "/"):
  actionpack (3.2.6) lib/action_dispatch/middleware/debug_exceptions.rb:21:in `call'
  actionpack (3.2.6) lib/action_dispatch/middleware/show_exceptions.rb:56:in `call'
  railties (3.2.6) lib/rails/rack/logger.rb:26:in `call_app'
  railties (3.2.6) lib/rails/rack/logger.rb:16:in `call'
  actionpack (3.2.6) lib/action_dispatch/middleware/request_id.rb:22:in `call'
  rack (1.4.1) lib/rack/methodoverride.rb:21:in `call'
  rack (1.4.1) lib/rack/runtime.rb:17:in `call'
  activesupport (3.2.6) lib/active_support/cache/strategy/local_cache.rb:72:in `call'
  rack (1.4.1) lib/rack/lock.rb:15:in `call'
  actionpack (3.2.6) lib/action_dispatch/middleware/static.rb:62:in `call'
  railties (3.2.6) lib/rails/engine.rb:479:in `call'
  railties (3.2.6) lib/rails/application.rb:220:in `call'
  rack (1.4.1) lib/rack/content_length.rb:14:in `call'
  railties (3.2.6) lib/rails/rack/log_tailer.rb:17:in `call'
  thin (1.4.1) lib/thin/connection.rb:80:in `block in pre_process'
  thin (1.4.1) lib/thin/connection.rb:78:in `catch'
  thin (1.4.1) lib/thin/connection.rb:78:in `pre_process'
  thin (1.4.1) lib/thin/connection.rb:53:in `process'
  thin (1.4.1) lib/thin/connection.rb:38:in `receive_data'
  eventmachine (0.12.10) lib/eventmachine.rb:256:in `run_machine'
  eventmachine (0.12.10) lib/eventmachine.rb:256:in `run'
  thin (1.4.1) lib/thin/backends/base.rb:63:in `start'
  thin (1.4.1) lib/thin/server.rb:159:in `start'
  rack (1.4.1) lib/rack/handler/thin.rb:13:in `run'
  rack (1.4.1) lib/rack/server.rb:265:in `start'
  railties (3.2.6) lib/rails/commands/server.rb:70:in `start'
  railties (3.2.6) lib/rails/commands.rb:55:in `block in <top (required)>'
  railties (3.2.6) lib/rails/commands.rb:50:in `tap'
  railties (3.2.6) lib/rails/commands.rb:50:in `<top (required)>'
  script/rails:6:in `require'
  script/rails:6:in `<main>'


  Rendered /Users/joe/.rvm/gems/ruby-1.9.3-p194@rails326/gems/actionpack-3.2.6/lib/action_dispatch/middleware/templates/rescues/routing_error.erb within rescues/layout (0.8ms)


Started GET "/home/index" for 127.0.0.1 at 2012-07-31 17:40:50 -0400
Processing by HomeController#index as HTML
  Rendered home/index.html.haml within layouts/application (1.4ms)
Completed 500 Internal Server Error in 176ms

ActionView::Template::Error (Invalid CSS after "body ": expected selector or at-rule, was "{ padding-top: ..."
  (in /Users/joe/Archive/Work/rails/base_app/app/assets/stylesheets/bootstrap_and_override.css.scss)):
    6:     %title= content_for?(:title) ? yield(:title) : "Base App"
    7:     %meta{:content => "", :name => "description"}
    8:     %meta{:content => "", :name => "author"}
    9:     = stylesheet_link_tag "application", :media => "all"
    10:     = javascript_include_tag "application"
    11:     = csrf_meta_tags
    12:     = yield(:head)
  app/assets/stylesheets/bootstrap_and_override.css.scss:2
  app/views/layouts/application.html.haml:9:in `_app_views_layouts_application_html_haml__3808565657306520309_70200529370820'


  Rendered /Users/joe/.rvm/gems/ruby-1.9.3-p194@rails326/gems/actionpack-3.2.6/lib/action_dispatch/middleware/templates/rescues/_trace.erb (6.6ms)
  Rendered /Users/joe/.rvm/gems/ruby-1.9.3-p194@rails326/gems/actionpack-3.2.6/lib/action_dispatch/middleware/templates/rescues/_request_and_response.erb (2.1ms)
  Rendered /Users/joe/.rvm/gems/ruby-1.9.3-p194@rails326/gems/actionpack-3.2.6/lib/action_dispatch/middleware/templates/rescues/template_error.erb within rescues/layout (53.2ms)


Started GET "/" for 127.0.0.1 at 2012-07-31 17:42:40 -0400

ActionController::RoutingError (uninitialized constant HomeeController):
  activesupport (3.2.6) lib/active_support/inflector/methods.rb:229:in `block in constantize'
  activesupport (3.2.6) lib/active_support/inflector/methods.rb:228:in `each'
  activesupport (3.2.6) lib/active_support/inflector/methods.rb:228:in `constantize'
  actionpack (3.2.6) lib/action_dispatch/routing/route_set.rb:69:in `controller_reference'
  actionpack (3.2.6) lib/action_dispatch/routing/route_set.rb:54:in `controller'
  actionpack (3.2.6) lib/action_dispatch/routing/route_set.rb:32:in `call'
  journey (1.0.4) lib/journey/router.rb:68:in `block in call'
  journey (1.0.4) lib/journey/router.rb:56:in `each'
  journey (1.0.4) lib/journey/router.rb:56:in `call'
  actionpack (3.2.6) lib/action_dispatch/routing/route_set.rb:600:in `call'
  mongoid (3.0.1) lib/rack/mongoid/middleware/identity_map.rb:33:in `block in call'
  mongoid (3.0.1) lib/mongoid/unit_of_work.rb:39:in `unit_of_work'
  mongoid (3.0.1) lib/rack/mongoid/middleware/identity_map.rb:33:in `call'
  actionpack (3.2.6) lib/action_dispatch/middleware/best_standards_support.rb:17:in `call'
  rack (1.4.1) lib/rack/etag.rb:23:in `call'
  rack (1.4.1) lib/rack/conditionalget.rb:25:in `call'
  actionpack (3.2.6) lib/action_dispatch/middleware/head.rb:14:in `call'
  actionpack (3.2.6) lib/action_dispatch/middleware/params_parser.rb:21:in `call'
  actionpack (3.2.6) lib/action_dispatch/middleware/flash.rb:242:in `call'
  rack (1.4.1) lib/rack/session/abstract/id.rb:205:in `context'
  rack (1.4.1) lib/rack/session/abstract/id.rb:200:in `call'
  actionpack (3.2.6) lib/action_dispatch/middleware/cookies.rb:338:in `call'
  actionpack (3.2.6) lib/action_dispatch/middleware/callbacks.rb:28:in `block in call'
  activesupport (3.2.6) lib/active_support/callbacks.rb:405:in `_run__2833240917093081219__call__545873253820475804__callbacks'
  activesupport (3.2.6) lib/active_support/callbacks.rb:405:in `__run_callback'
  activesupport (3.2.6) lib/active_support/callbacks.rb:385:in `_run_call_callbacks'
  activesupport (3.2.6) lib/active_support/callbacks.rb:81:in `run_callbacks'
  actionpack (3.2.6) lib/action_dispatch/middleware/callbacks.rb:27:in `call'
  actionpack (3.2.6) lib/action_dispatch/middleware/reloader.rb:65:in `call'
  actionpack (3.2.6) lib/action_dispatch/middleware/remote_ip.rb:31:in `call'
  actionpack (3.2.6) lib/action_dispatch/middleware/debug_exceptions.rb:16:in `call'
  actionpack (3.2.6) lib/action_dispatch/middleware/show_exceptions.rb:56:in `call'
  railties (3.2.6) lib/rails/rack/logger.rb:26:in `call_app'
  railties (3.2.6) lib/rails/rack/logger.rb:16:in `call'
  actionpack (3.2.6) lib/action_dispatch/middleware/request_id.rb:22:in `call'
  rack (1.4.1) lib/rack/methodoverride.rb:21:in `call'
  rack (1.4.1) lib/rack/runtime.rb:17:in `call'
  activesupport (3.2.6) lib/active_support/cache/strategy/local_cache.rb:72:in `call'
  rack (1.4.1) lib/rack/lock.rb:15:in `call'
  actionpack (3.2.6) lib/action_dispatch/middleware/static.rb:62:in `call'
  railties (3.2.6) lib/rails/engine.rb:479:in `call'
  railties (3.2.6) lib/rails/application.rb:220:in `call'
  rack (1.4.1) lib/rack/content_length.rb:14:in `call'
  railties (3.2.6) lib/rails/rack/log_tailer.rb:17:in `call'
  thin (1.4.1) lib/thin/connection.rb:80:in `block in pre_process'
  thin (1.4.1) lib/thin/connection.rb:78:in `catch'
  thin (1.4.1) lib/thin/connection.rb:78:in `pre_process'
  thin (1.4.1) lib/thin/connection.rb:53:in `process'
  thin (1.4.1) lib/thin/connection.rb:38:in `receive_data'
  eventmachine (0.12.10) lib/eventmachine.rb:256:in `run_machine'
  eventmachine (0.12.10) lib/eventmachine.rb:256:in `run'
  thin (1.4.1) lib/thin/backends/base.rb:63:in `start'
  thin (1.4.1) lib/thin/server.rb:159:in `start'
  rack (1.4.1) lib/rack/handler/thin.rb:13:in `run'
  rack (1.4.1) lib/rack/server.rb:265:in `start'
  railties (3.2.6) lib/rails/commands/server.rb:70:in `start'
  railties (3.2.6) lib/rails/commands.rb:55:in `block in <top (required)>'
  railties (3.2.6) lib/rails/commands.rb:50:in `tap'
  railties (3.2.6) lib/rails/commands.rb:50:in `<top (required)>'
  script/rails:6:in `require'
  script/rails:6:in `<main>'


  Rendered /Users/joe/.rvm/gems/ruby-1.9.3-p194@rails326/gems/actionpack-3.2.6/lib/action_dispatch/middleware/templates/rescues/routing_error.erb within rescues/layout (0.9ms)


Started GET "/" for 127.0.0.1 at 2012-07-31 17:42:55 -0400
Processing by HomeController#index as HTML
  Rendered home/index.html.haml within layouts/application (1.4ms)
Completed 500 Internal Server Error in 30ms

ActionView::Template::Error (Invalid CSS after "body ": expected selector or at-rule, was "{ padding-top: ..."
  (in /Users/joe/Archive/Work/rails/base_app/app/assets/stylesheets/bootstrap_and_override.css.scss)):
    6:     %title= content_for?(:title) ? yield(:title) : "Base App"
    7:     %meta{:content => "", :name => "description"}
    8:     %meta{:content => "", :name => "author"}
    9:     = stylesheet_link_tag "application", :media => "all"
    10:     = javascript_include_tag "application"
    11:     = csrf_meta_tags
    12:     = yield(:head)
  app/assets/stylesheets/bootstrap_and_override.css.scss:2
  app/views/layouts/application.html.haml:9:in `_app_views_layouts_application_html_haml__2300286731273985379_70132236761420'


  Rendered /Users/joe/.rvm/gems/ruby-1.9.3-p194@rails326/gems/actionpack-3.2.6/lib/action_dispatch/middleware/templates/rescues/_trace.erb (6.3ms)
  Rendered /Users/joe/.rvm/gems/ruby-1.9.3-p194@rails326/gems/actionpack-3.2.6/lib/action_dispatch/middleware/templates/rescues/_request_and_response.erb (1.4ms)
  Rendered /Users/joe/.rvm/gems/ruby-1.9.3-p194@rails326/gems/actionpack-3.2.6/lib/action_dispatch/middleware/templates/rescues/template_error.erb within rescues/layout (21.5ms)


Started GET "/" for 127.0.0.1 at 2012-07-31 17:44:41 -0400
Processing by HomeController#index as HTML
  Rendered home/index.html.haml within layouts/application (0.2ms)
Compiled bootstrap_and_override.css  (2609ms)  (pid 78950)
Compiled home.css  (3ms)  (pid 78950)
Compiled application.css  (2739ms)  (pid 78950)
Compiled jquery.js  (2ms)  (pid 78950)
Compiled jquery_ujs.js  (0ms)  (pid 78950)
Compiled bootstrap-transition.js  (0ms)  (pid 78950)
Compiled bootstrap-alert.js  (0ms)  (pid 78950)
Compiled bootstrap-button.js  (0ms)  (pid 78950)
Compiled bootstrap-carousel.js  (0ms)  (pid 78950)
Compiled bootstrap-collapse.js  (0ms)  (pid 78950)
Compiled bootstrap-dropdown.js  (0ms)  (pid 78950)
Compiled bootstrap-modal.js  (0ms)  (pid 78950)
Compiled bootstrap-scrollspy.js  (0ms)  (pid 78950)
Compiled bootstrap-tab.js  (0ms)  (pid 78950)
Compiled bootstrap-tooltip.js  (0ms)  (pid 78950)
Compiled bootstrap-popover.js  (0ms)  (pid 78950)
Compiled bootstrap-typeahead.js  (0ms)  (pid 78950)
Compiled bootstrap.js  (288ms)  (pid 78950)
Compiled home.js  (285ms)  (pid 78950)
Compiled application.js  (658ms)  (pid 78950)
  Rendered layouts/_navigation.html.haml (20.4ms)
Completed 500 Internal Server Error in 3625ms

ActionView::Template::Error (undefined method `user_signed_in?' for #<#<Class:0x007f91de2302b8>:0x007f91de6b9668>):
    1: = link_to "Home", root_path, :class => 'brand'
    2: %ul.nav
    3:   - if user_signed_in?
    4:     %li
    5:       = link_to 'Logout', destroy_user_session_path, :method => 'delete'
    6:   - else
  app/views/layouts/_navigation.html.haml:3:in `_app_views_layouts__navigation_html_haml___3841615142692560719_70132238030320'
  app/views/layouts/application.html.haml:18:in `_app_views_layouts_application_html_haml__2300286731273985379_70132236761420'


  Rendered /Users/joe/.rvm/gems/ruby-1.9.3-p194@rails326/gems/actionpack-3.2.6/lib/action_dispatch/middleware/templates/rescues/_trace.erb (5.7ms)
  Rendered /Users/joe/.rvm/gems/ruby-1.9.3-p194@rails326/gems/actionpack-3.2.6/lib/action_dispatch/middleware/templates/rescues/_request_and_response.erb (1.3ms)
  Rendered /Users/joe/.rvm/gems/ruby-1.9.3-p194@rails326/gems/actionpack-3.2.6/lib/action_dispatch/middleware/templates/rescues/template_error.erb within rescues/layout (17.1ms)


Started GET "/" for 127.0.0.1 at 2012-07-31 17:47:16 -0400
Processing by HomeController#index as HTML
  Rendered home/index.html.haml within layouts/application (0.1ms)
  Rendered layouts/_messages.html.haml (2.6ms)
Completed 200 OK in 28ms (Views: 27.3ms)


Started GET "/assets/application.css?body=1" for 127.0.0.1 at 2012-07-31 17:47:16 -0400
Served asset /application.css - 200 OK (13ms)


Started GET "/assets/bootstrap_and_override.css?body=1" for 127.0.0.1 at 2012-07-31 17:47:16 -0400
Served asset /bootstrap_and_override.css - 200 OK (7ms)


Started GET "/assets/home.css?body=1" for 127.0.0.1 at 2012-07-31 17:47:16 -0400
Served asset /home.css - 200 OK (1ms)


Started GET "/assets/jquery.js?body=1" for 127.0.0.1 at 2012-07-31 17:47:16 -0400
Served asset /jquery.js - 200 OK (3ms)


Started GET "/assets/bootstrap-transition.js?body=1" for 127.0.0.1 at 2012-07-31 17:47:16 -0400
Served asset /bootstrap-transition.js - 200 OK (2ms)


Started GET "/assets/jquery_ujs.js?body=1" for 127.0.0.1 at 2012-07-31 17:47:16 -0400
Served asset /jquery_ujs.js - 200 OK (2ms)


Started GET "/assets/bootstrap-alert.js?body=1" for 127.0.0.1 at 2012-07-31 17:47:16 -0400
Served asset /bootstrap-alert.js - 200 OK (49ms)


Started GET "/assets/bootstrap-button.js?body=1" for 127.0.0.1 at 2012-07-31 17:47:16 -0400
Served asset /bootstrap-button.js - 200 OK (6ms)


Started GET "/assets/bootstrap-carousel.js?body=1" for 127.0.0.1 at 2012-07-31 17:47:16 -0400
Served asset /bootstrap-carousel.js - 200 OK (4ms)


Started GET "/assets/bootstrap-collapse.js?body=1" for 127.0.0.1 at 2012-07-31 17:47:16 -0400
Served asset /bootstrap-collapse.js - 200 OK (3ms)


Started GET "/assets/bootstrap-dropdown.js?body=1" for 127.0.0.1 at 2012-07-31 17:47:16 -0400
Served asset /bootstrap-dropdown.js - 200 OK (2ms)


Started GET "/assets/bootstrap-scrollspy.js?body=1" for 127.0.0.1 at 2012-07-31 17:47:16 -0400
Served asset /bootstrap-scrollspy.js - 200 OK (2ms)


Started GET "/assets/bootstrap-modal.js?body=1" for 127.0.0.1 at 2012-07-31 17:47:16 -0400
Served asset /bootstrap-modal.js - 200 OK (2ms)


Started GET "/assets/bootstrap-tab.js?body=1" for 127.0.0.1 at 2012-07-31 17:47:16 -0400
Served asset /bootstrap-tab.js - 200 OK (2ms)


Started GET "/assets/bootstrap-tooltip.js?body=1" for 127.0.0.1 at 2012-07-31 17:47:16 -0400
Served asset /bootstrap-tooltip.js - 200 OK (2ms)


Started GET "/assets/bootstrap-popover.js?body=1" for 127.0.0.1 at 2012-07-31 17:47:16 -0400
Served asset /bootstrap-popover.js - 200 OK (2ms)


Started GET "/assets/bootstrap-typeahead.js?body=1" for 127.0.0.1 at 2012-07-31 17:47:16 -0400
Served asset /bootstrap-typeahead.js - 200 OK (2ms)


Started GET "/assets/bootstrap.js?body=1" for 127.0.0.1 at 2012-07-31 17:47:16 -0400
Served asset /bootstrap.js - 200 OK (13ms)


Started GET "/assets/application.js?body=1" for 127.0.0.1 at 2012-07-31 17:47:16 -0400
Served asset /application.js - 200 OK (18ms)


Started GET "/assets/home.js?body=1" for 127.0.0.1 at 2012-07-31 17:47:16 -0400
Served asset /home.js - 200 OK (1ms)


Started GET "/" for 127.0.0.1 at 2012-07-31 17:54:51 -0400
Processing by HomeController#index as HTML
  Rendered home/index.html.haml within layouts/application (0.2ms)
  Rendered layouts/_messages.html.haml (0.2ms)
Completed 200 OK in 68ms (Views: 67.4ms)


Started GET "/assets/application.css?body=1" for 127.0.0.1 at 2012-07-31 17:54:51 -0400
Served asset /application.css - 304 Not Modified (3ms)


Started GET "/assets/bootstrap_and_override.css?body=1" for 127.0.0.1 at 2012-07-31 17:54:51 -0400
Served asset /bootstrap_and_override.css - 304 Not Modified (2ms)


Started GET "/assets/jquery.js?body=1" for 127.0.0.1 at 2012-07-31 17:54:51 -0400
Served asset /jquery.js - 304 Not Modified (0ms)


Started GET "/assets/home.css?body=1" for 127.0.0.1 at 2012-07-31 17:54:51 -0400
Served asset /home.css - 304 Not Modified (0ms)


Started GET "/assets/bootstrap-transition.js?body=1" for 127.0.0.1 at 2012-07-31 17:54:51 -0400
Served asset /bootstrap-transition.js - 304 Not Modified (0ms)


Started GET "/assets/jquery_ujs.js?body=1" for 127.0.0.1 at 2012-07-31 17:54:51 -0400
Served asset /jquery_ujs.js - 304 Not Modified (0ms)


Started GET "/assets/bootstrap-alert.js?body=1" for 127.0.0.1 at 2012-07-31 17:54:51 -0400
Served asset /bootstrap-alert.js - 304 Not Modified (0ms)


Started GET "/assets/bootstrap-button.js?body=1" for 127.0.0.1 at 2012-07-31 17:54:51 -0400
Served asset /bootstrap-button.js - 304 Not Modified (0ms)


Started GET "/assets/bootstrap-scrollspy.js?body=1" for 127.0.0.1 at 2012-07-31 17:54:51 -0400
Served asset /bootstrap-scrollspy.js - 304 Not Modified (0ms)


Started GET "/assets/bootstrap-carousel.js?body=1" for 127.0.0.1 at 2012-07-31 17:54:51 -0400
Served asset /bootstrap-carousel.js - 304 Not Modified (0ms)


Started GET "/assets/bootstrap-collapse.js?body=1" for 127.0.0.1 at 2012-07-31 17:54:51 -0400
Served asset /bootstrap-collapse.js - 304 Not Modified (0ms)


Started GET "/assets/bootstrap-dropdown.js?body=1" for 127.0.0.1 at 2012-07-31 17:54:51 -0400
Served asset /bootstrap-dropdown.js - 304 Not Modified (0ms)


Started GET "/assets/bootstrap-modal.js?body=1" for 127.0.0.1 at 2012-07-31 17:54:51 -0400
Served asset /bootstrap-modal.js - 304 Not Modified (0ms)


Started GET "/assets/bootstrap-tab.js?body=1" for 127.0.0.1 at 2012-07-31 17:54:51 -0400
Served asset /bootstrap-tab.js - 304 Not Modified (0ms)


Started GET "/assets/bootstrap-tooltip.js?body=1" for 127.0.0.1 at 2012-07-31 17:54:51 -0400
Served asset /bootstrap-tooltip.js - 304 Not Modified (0ms)


Started GET "/assets/bootstrap-popover.js?body=1" for 127.0.0.1 at 2012-07-31 17:54:51 -0400
Served asset /bootstrap-popover.js - 304 Not Modified (0ms)


Started GET "/assets/bootstrap-typeahead.js?body=1" for 127.0.0.1 at 2012-07-31 17:54:51 -0400
Served asset /bootstrap-typeahead.js - 304 Not Modified (0ms)


Started GET "/assets/bootstrap.js?body=1" for 127.0.0.1 at 2012-07-31 17:54:51 -0400
Served asset /bootstrap.js - 304 Not Modified (0ms)


Started GET "/assets/home.js?body=1" for 127.0.0.1 at 2012-07-31 17:54:51 -0400
Served asset /home.js - 304 Not Modified (0ms)


Started GET "/assets/application.js?body=1" for 127.0.0.1 at 2012-07-31 17:54:51 -0400
Served asset /application.js - 304 Not Modified (1ms)


Started GET "/" for 127.0.0.1 at 2012-08-01 16:26:49 -0400
Processing by PagesController#home as HTML
  Rendered pages/home.html.haml within layouts/application (1.4ms)
Compiled pages.css  (64ms)  (pid 82314)
Compiled application.css  (78ms)  (pid 82314)
Compiled pages.js  (492ms)  (pid 82314)
Compiled application.js  (574ms)  (pid 82314)
  Rendered layouts/_messages.html.haml (1.7ms)
Completed 200 OK in 1185ms (Views: 1184.6ms)


Started GET "/assets/application.css?body=1" for 127.0.0.1 at 2012-08-01 16:26:50 -0400
Served asset /application.css - 304 Not Modified (13ms)


Started GET "/assets/bootstrap_and_override.css?body=1" for 127.0.0.1 at 2012-08-01 16:26:50 -0400
Served asset /bootstrap_and_override.css - 304 Not Modified (7ms)


Started GET "/assets/pages.css?body=1" for 127.0.0.1 at 2012-08-01 16:26:50 -0400
Served asset /pages.css - 200 OK (2ms)


Started GET "/assets/jquery.js?body=1" for 127.0.0.1 at 2012-08-01 16:26:50 -0400
Served asset /jquery.js - 304 Not Modified (3ms)


Started GET "/assets/jquery_ujs.js?body=1" for 127.0.0.1 at 2012-08-01 16:26:50 -0400
Served asset /jquery_ujs.js - 304 Not Modified (2ms)


Started GET "/assets/bootstrap-transition.js?body=1" for 127.0.0.1 at 2012-08-01 16:26:50 -0400
Served asset /bootstrap-transition.js - 200 OK (2ms)


Started GET "/assets/bootstrap-alert.js?body=1" for 127.0.0.1 at 2012-08-01 16:26:50 -0400
Served asset /bootstrap-alert.js - 304 Not Modified (3ms)


Started GET "/assets/bootstrap-button.js?body=1" for 127.0.0.1 at 2012-08-01 16:26:50 -0400
Served asset /bootstrap-button.js - 304 Not Modified (3ms)


Started GET "/assets/bootstrap-carousel.js?body=1" for 127.0.0.1 at 2012-08-01 16:26:50 -0400
Served asset /bootstrap-carousel.js - 304 Not Modified (30ms)


Started GET "/assets/bootstrap-collapse.js?body=1" for 127.0.0.1 at 2012-08-01 16:26:50 -0400
Served asset /bootstrap-collapse.js - 304 Not Modified (2ms)


Started GET "/assets/bootstrap-dropdown.js?body=1" for 127.0.0.1 at 2012-08-01 16:26:50 -0400
Served asset /bootstrap-dropdown.js - 304 Not Modified (4ms)


Started GET "/assets/bootstrap-modal.js?body=1" for 127.0.0.1 at 2012-08-01 16:26:50 -0400
Served asset /bootstrap-modal.js - 304 Not Modified (3ms)


Started GET "/assets/bootstrap-scrollspy.js?body=1" for 127.0.0.1 at 2012-08-01 16:26:50 -0400
Served asset /bootstrap-scrollspy.js - 304 Not Modified (2ms)


Started GET "/assets/bootstrap-tab.js?body=1" for 127.0.0.1 at 2012-08-01 16:26:50 -0400
Served asset /bootstrap-tab.js - 304 Not Modified (2ms)


Started GET "/assets/bootstrap-tooltip.js?body=1" for 127.0.0.1 at 2012-08-01 16:26:50 -0400
Served asset /bootstrap-tooltip.js - 304 Not Modified (6ms)


Started GET "/assets/bootstrap-popover.js?body=1" for 127.0.0.1 at 2012-08-01 16:26:50 -0400
Served asset /bootstrap-popover.js - 304 Not Modified (3ms)


Started GET "/assets/bootstrap.js?body=1" for 127.0.0.1 at 2012-08-01 16:26:50 -0400
Served asset /bootstrap.js - 200 OK (16ms)


Started GET "/assets/bootstrap-typeahead.js?body=1" for 127.0.0.1 at 2012-08-01 16:26:50 -0400
Served asset /bootstrap-typeahead.js - 304 Not Modified (3ms)


Started GET "/assets/pages.js?body=1" for 127.0.0.1 at 2012-08-01 16:26:50 -0400
Served asset /pages.js - 200 OK (1ms)


Started GET "/assets/application.js?body=1" for 127.0.0.1 at 2012-08-01 16:26:50 -0400
Served asset /application.js - 200 OK (59ms)


Started GET "/" for 127.0.0.1 at 2012-08-01 16:27:28 -0400
Processing by PagesController#home as HTML
  Rendered pages/home.html.haml within layouts/application (1.4ms)
  Rendered layouts/_messages.html.haml (0.1ms)
Completed 200 OK in 23ms (Views: 22.9ms)


Started GET "/assets/application.css?body=1" for 127.0.0.1 at 2012-08-01 16:27:28 -0400
Served asset /application.css - 304 Not Modified (4ms)


Started GET "/assets/bootstrap_and_override.css?body=1" for 127.0.0.1 at 2012-08-01 16:27:28 -0400
Served asset /bootstrap_and_override.css - 304 Not Modified (2ms)


Started GET "/assets/jquery.js?body=1" for 127.0.0.1 at 2012-08-01 16:27:28 -0400
Served asset /jquery.js - 304 Not Modified (0ms)


Started GET "/assets/jquery_ujs.js?body=1" for 127.0.0.1 at 2012-08-01 16:27:28 -0400
Served asset /jquery_ujs.js - 304 Not Modified (0ms)


Started GET "/assets/bootstrap-transition.js?body=1" for 127.0.0.1 at 2012-08-01 16:27:28 -0400
Served asset /bootstrap-transition.js - 304 Not Modified (0ms)


Started GET "/assets/bootstrap-alert.js?body=1" for 127.0.0.1 at 2012-08-01 16:27:28 -0400
Served asset /bootstrap-alert.js - 304 Not Modified (0ms)


Started GET "/assets/pages.css?body=1" for 127.0.0.1 at 2012-08-01 16:27:28 -0400
Served asset /pages.css - 304 Not Modified (0ms)


Started GET "/assets/bootstrap-button.js?body=1" for 127.0.0.1 at 2012-08-01 16:27:28 -0400
Served asset /bootstrap-button.js - 304 Not Modified (0ms)


Started GET "/assets/bootstrap-carousel.js?body=1" for 127.0.0.1 at 2012-08-01 16:27:28 -0400
Served asset /bootstrap-carousel.js - 304 Not Modified (0ms)


Started GET "/assets/bootstrap-collapse.js?body=1" for 127.0.0.1 at 2012-08-01 16:27:28 -0400
Served asset /bootstrap-collapse.js - 304 Not Modified (0ms)


Started GET "/assets/bootstrap-dropdown.js?body=1" for 127.0.0.1 at 2012-08-01 16:27:28 -0400
Served asset /bootstrap-dropdown.js - 304 Not Modified (0ms)


Started GET "/assets/bootstrap-modal.js?body=1" for 127.0.0.1 at 2012-08-01 16:27:28 -0400
Served asset /bootstrap-modal.js - 304 Not Modified (0ms)


Started GET "/assets/bootstrap-tab.js?body=1" for 127.0.0.1 at 2012-08-01 16:27:28 -0400
Served asset /bootstrap-tab.js - 304 Not Modified (0ms)


Started GET "/assets/bootstrap-scrollspy.js?body=1" for 127.0.0.1 at 2012-08-01 16:27:28 -0400
Served asset /bootstrap-scrollspy.js - 304 Not Modified (0ms)


Started GET "/assets/bootstrap-tooltip.js?body=1" for 127.0.0.1 at 2012-08-01 16:27:28 -0400
Served asset /bootstrap-tooltip.js - 304 Not Modified (0ms)


Started GET "/assets/bootstrap-popover.js?body=1" for 127.0.0.1 at 2012-08-01 16:27:28 -0400
Served asset /bootstrap-popover.js - 304 Not Modified (0ms)


Started GET "/assets/bootstrap-typeahead.js?body=1" for 127.0.0.1 at 2012-08-01 16:27:28 -0400
Served asset /bootstrap-typeahead.js - 304 Not Modified (0ms)


Started GET "/assets/bootstrap.js?body=1" for 127.0.0.1 at 2012-08-01 16:27:28 -0400
Served asset /bootstrap.js - 304 Not Modified (0ms)


Started GET "/assets/pages.js?body=1" for 127.0.0.1 at 2012-08-01 16:27:28 -0400
Served asset /pages.js - 304 Not Modified (0ms)


Started GET "/assets/application.js?body=1" for 127.0.0.1 at 2012-08-01 16:27:28 -0400
Served asset /application.js - 304 Not Modified (1ms)


Started GET "/" for 127.0.0.1 at 2012-08-01 16:45:29 -0400
Processing by PagesController#home as HTML
  Rendered pages/home.html.haml within layouts/application (0.2ms)
  Rendered layouts/_messages.html.haml (0.2ms)
Completed 200 OK in 94ms (Views: 93.7ms)


Started GET "/assets/application.css?body=1" for 127.0.0.1 at 2012-08-01 16:45:29 -0400
Served asset /application.css - 304 Not Modified (3ms)


Started GET "/assets/bootstrap_and_override.css?body=1" for 127.0.0.1 at 2012-08-01 16:45:29 -0400
Served asset /bootstrap_and_override.css - 304 Not Modified (2ms)


Started GET "/assets/pages.css?body=1" for 127.0.0.1 at 2012-08-01 16:45:29 -0400
Served asset /pages.css - 304 Not Modified (0ms)


Started GET "/assets/jquery_ujs.js?body=1" for 127.0.0.1 at 2012-08-01 16:45:29 -0400
Served asset /jquery_ujs.js - 304 Not Modified (0ms)


Started GET "/assets/bootstrap-transition.js?body=1" for 127.0.0.1 at 2012-08-01 16:45:29 -0400
Served asset /bootstrap-transition.js - 304 Not Modified (0ms)


Started GET "/assets/jquery.js?body=1" for 127.0.0.1 at 2012-08-01 16:45:29 -0400
Served asset /jquery.js - 304 Not Modified (0ms)


Started GET "/assets/bootstrap-alert.js?body=1" for 127.0.0.1 at 2012-08-01 16:45:29 -0400
Served asset /bootstrap-alert.js - 304 Not Modified (0ms)


Started GET "/assets/bootstrap-button.js?body=1" for 127.0.0.1 at 2012-08-01 16:45:30 -0400
Served asset /bootstrap-button.js - 304 Not Modified (0ms)


Started GET "/assets/bootstrap-collapse.js?body=1" for 127.0.0.1 at 2012-08-01 16:45:30 -0400
Served asset /bootstrap-collapse.js - 304 Not Modified (0ms)


Started GET "/assets/bootstrap-carousel.js?body=1" for 127.0.0.1 at 2012-08-01 16:45:30 -0400
Served asset /bootstrap-carousel.js - 304 Not Modified (0ms)


Started GET "/assets/bootstrap-dropdown.js?body=1" for 127.0.0.1 at 2012-08-01 16:45:30 -0400
Served asset /bootstrap-dropdown.js - 304 Not Modified (0ms)


Started GET "/assets/bootstrap-modal.js?body=1" for 127.0.0.1 at 2012-08-01 16:45:30 -0400
Served asset /bootstrap-modal.js - 304 Not Modified (0ms)


Started GET "/assets/bootstrap-scrollspy.js?body=1" for 127.0.0.1 at 2012-08-01 16:45:30 -0400
Served asset /bootstrap-scrollspy.js - 304 Not Modified (0ms)


Started GET "/assets/bootstrap-popover.js?body=1" for 127.0.0.1 at 2012-08-01 16:45:30 -0400
Served asset /bootstrap-popover.js - 304 Not Modified (0ms)


Started GET "/assets/bootstrap-tab.js?body=1" for 127.0.0.1 at 2012-08-01 16:45:30 -0400
Served asset /bootstrap-tab.js - 304 Not Modified (0ms)


Started GET "/assets/bootstrap-tooltip.js?body=1" for 127.0.0.1 at 2012-08-01 16:45:30 -0400
Served asset /bootstrap-tooltip.js - 304 Not Modified (0ms)


Started GET "/assets/bootstrap-typeahead.js?body=1" for 127.0.0.1 at 2012-08-01 16:45:30 -0400
Served asset /bootstrap-typeahead.js - 304 Not Modified (0ms)


Started GET "/assets/bootstrap.js?body=1" for 127.0.0.1 at 2012-08-01 16:45:30 -0400
Served asset /bootstrap.js - 304 Not Modified (0ms)


Started GET "/assets/pages.js?body=1" for 127.0.0.1 at 2012-08-01 16:45:30 -0400
Served asset /pages.js - 304 Not Modified (0ms)


Started GET "/assets/application.js?body=1" for 127.0.0.1 at 2012-08-01 16:45:30 -0400
Served asset /application.js - 304 Not Modified (1ms)


Started GET "/" for 127.0.0.1 at 2012-08-01 16:59:45 -0400
Processing by PagesController#home as HTML
  Rendered pages/home.html.haml within layouts/application (1.5ms)
  Rendered layouts/_messages.html.haml (1.9ms)
Completed 200 OK in 355ms (Views: 354.8ms)


Started GET "/assets/application.css?body=1" for 127.0.0.1 at 2012-08-01 16:59:46 -0400
Served asset /application.css - 304 Not Modified (14ms)


Started GET "/assets/bootstrap_and_override.css?body=1" for 127.0.0.1 at 2012-08-01 16:59:46 -0400
Served asset /bootstrap_and_override.css - 304 Not Modified (7ms)


Started GET "/assets/pages.css?body=1" for 127.0.0.1 at 2012-08-01 16:59:46 -0400
Served asset /pages.css - 304 Not Modified (1ms)


Started GET "/assets/jquery.js?body=1" for 127.0.0.1 at 2012-08-01 16:59:46 -0400
Served asset /jquery.js - 304 Not Modified (27ms)


Started GET "/assets/bootstrap-transition.js?body=1" for 127.0.0.1 at 2012-08-01 16:59:46 -0400
Served asset /bootstrap-transition.js - 304 Not Modified (6ms)


Started GET "/assets/jquery_ujs.js?body=1" for 127.0.0.1 at 2012-08-01 16:59:46 -0400
Served asset /jquery_ujs.js - 304 Not Modified (3ms)


Started GET "/assets/bootstrap-alert.js?body=1" for 127.0.0.1 at 2012-08-01 16:59:46 -0400
Served asset /bootstrap-alert.js - 304 Not Modified (4ms)


Started GET "/assets/bootstrap-button.js?body=1" for 127.0.0.1 at 2012-08-01 16:59:46 -0400
Served asset /bootstrap-button.js - 304 Not Modified (2ms)


Started GET "/assets/bootstrap-carousel.js?body=1" for 127.0.0.1 at 2012-08-01 16:59:46 -0400
Served asset /bootstrap-carousel.js - 304 Not Modified (2ms)


Started GET "/assets/bootstrap-collapse.js?body=1" for 127.0.0.1 at 2012-08-01 16:59:46 -0400
Served asset /bootstrap-collapse.js - 304 Not Modified (2ms)


Started GET "/assets/bootstrap-dropdown.js?body=1" for 127.0.0.1 at 2012-08-01 16:59:46 -0400
Served asset /bootstrap-dropdown.js - 304 Not Modified (2ms)


Started GET "/assets/bootstrap-modal.js?body=1" for 127.0.0.1 at 2012-08-01 16:59:46 -0400
Served asset /bootstrap-modal.js - 304 Not Modified (3ms)


Started GET "/assets/bootstrap-scrollspy.js?body=1" for 127.0.0.1 at 2012-08-01 16:59:46 -0400
Served asset /bootstrap-scrollspy.js - 304 Not Modified (2ms)


Started GET "/assets/bootstrap-tab.js?body=1" for 127.0.0.1 at 2012-08-01 16:59:46 -0400
Served asset /bootstrap-tab.js - 304 Not Modified (2ms)


Started GET "/assets/bootstrap-tooltip.js?body=1" for 127.0.0.1 at 2012-08-01 16:59:46 -0400
Served asset /bootstrap-tooltip.js - 304 Not Modified (3ms)


Started GET "/assets/bootstrap-popover.js?body=1" for 127.0.0.1 at 2012-08-01 16:59:46 -0400
Served asset /bootstrap-popover.js - 304 Not Modified (3ms)


Started GET "/assets/bootstrap-typeahead.js?body=1" for 127.0.0.1 at 2012-08-01 16:59:46 -0400
Served asset /bootstrap-typeahead.js - 304 Not Modified (4ms)


Started GET "/assets/bootstrap.js?body=1" for 127.0.0.1 at 2012-08-01 16:59:46 -0400
Served asset /bootstrap.js - 304 Not Modified (15ms)


Started GET "/assets/pages.js?body=1" for 127.0.0.1 at 2012-08-01 16:59:46 -0400
Served asset /pages.js - 304 Not Modified (1ms)


Started GET "/assets/application.js?body=1" for 127.0.0.1 at 2012-08-01 16:59:46 -0400
Served asset /application.js - 304 Not Modified (47ms)
